<?xml version="1.0" encoding="UTF-8"?>
<!-- Generated by org.testng.reporters.JUnitReportReporter -->
<testsuite skipped="0" hostname="MSI" name="com.leafBot.testcases.TC001_createLead" tests="1" failures="0" timestamp="08 Sep 2019 10:24:08 GMT" time="24.297" errors="0">
  <testcase name="runTC001" time="24.297" classname="com.leafBot.testcases.TC001_createLead"/>
</testsuite> <!-- com.leafBot.testcases.TC001_createLead -->
